c:\users\daria\onedrive\desktop\faculta\sem 2\programare orientata obiect\laborator\tema lab 6-7\lab6-7\lab6-7\x64\debug\vc143.pdb
c:\users\daria\onedrive\desktop\faculta\sem 2\programare orientata obiect\laborator\tema lab 6-7\lab6-7\lab6-7\x64\debug\vc143.idb
c:\users\daria\onedrive\desktop\faculta\sem 2\programare orientata obiect\laborator\tema lab 6-7\lab6-7\lab6-7\x64\debug\main.nativecodeanalysis.sarif
c:\users\daria\onedrive\desktop\faculta\sem 2\programare orientata obiect\laborator\tema lab 6-7\lab6-7\lab6-7\x64\debug\main.nativecodeanalysis.xml
c:\users\daria\onedrive\desktop\faculta\sem 2\programare orientata obiect\laborator\tema lab 6-7\lab6-7\lab6-7\x64\debug\validatormasina.nativecodeanalysis.sarif
c:\users\daria\onedrive\desktop\faculta\sem 2\programare orientata obiect\laborator\tema lab 6-7\lab6-7\lab6-7\x64\debug\validatormasina.nativecodeanalysis.xml
c:\users\daria\onedrive\desktop\faculta\sem 2\programare orientata obiect\laborator\tema lab 6-7\lab6-7\lab6-7\x64\debug\ui.nativecodeanalysis.sarif
c:\users\daria\onedrive\desktop\faculta\sem 2\programare orientata obiect\laborator\tema lab 6-7\lab6-7\lab6-7\x64\debug\ui.nativecodeanalysis.xml
c:\users\daria\onedrive\desktop\faculta\sem 2\programare orientata obiect\laborator\tema lab 6-7\lab6-7\lab6-7\x64\debug\servicemasina.nativecodeanalysis.sarif
c:\users\daria\onedrive\desktop\faculta\sem 2\programare orientata obiect\laborator\tema lab 6-7\lab6-7\lab6-7\x64\debug\servicemasina.nativecodeanalysis.xml
c:\users\daria\onedrive\desktop\faculta\sem 2\programare orientata obiect\laborator\tema lab 6-7\lab6-7\lab6-7\x64\debug\servicemasina.obj
c:\users\daria\onedrive\desktop\faculta\sem 2\programare orientata obiect\laborator\tema lab 6-7\lab6-7\lab6-7\x64\debug\ui.obj
c:\users\daria\onedrive\desktop\faculta\sem 2\programare orientata obiect\laborator\tema lab 6-7\lab6-7\lab6-7\x64\debug\validatormasina.obj
c:\users\daria\onedrive\desktop\faculta\sem 2\programare orientata obiect\laborator\tema lab 6-7\lab6-7\lab6-7\x64\debug\main.obj
c:\users\daria\onedrive\desktop\faculta\sem 2\programare orientata obiect\laborator\tema lab 6-7\lab6-7\lab6-7\x64\debug\repomasina.nativecodeanalysis.sarif
c:\users\daria\onedrive\desktop\faculta\sem 2\programare orientata obiect\laborator\tema lab 6-7\lab6-7\lab6-7\x64\debug\repomasina.nativecodeanalysis.xml
c:\users\daria\onedrive\desktop\faculta\sem 2\programare orientata obiect\laborator\tema lab 6-7\lab6-7\lab6-7\x64\debug\repomasina.obj
c:\users\daria\onedrive\desktop\faculta\sem 2\programare orientata obiect\laborator\tema lab 6-7\lab6-7\lab6-7\x64\debug\masina.nativecodeanalysis.sarif
c:\users\daria\onedrive\desktop\faculta\sem 2\programare orientata obiect\laborator\tema lab 6-7\lab6-7\lab6-7\x64\debug\masina.nativecodeanalysis.xml
c:\users\daria\onedrive\desktop\faculta\sem 2\programare orientata obiect\laborator\tema lab 6-7\lab6-7\lab6-7\x64\debug\masina.obj
c:\users\daria\onedrive\desktop\faculta\sem 2\programare orientata obiect\laborator\tema lab 6-7\lab6-7\x64\debug\lab6-7.exe
c:\users\daria\onedrive\desktop\faculta\sem 2\programare orientata obiect\laborator\tema lab 6-7\lab6-7\lab6-7\x64\debug\lab6-7.ilk
c:\users\daria\onedrive\desktop\faculta\sem 2\programare orientata obiect\laborator\tema lab 6-7\lab6-7\x64\debug\lab6-7.pdb
c:\users\daria\onedrive\desktop\faculta\sem 2\programare orientata obiect\laborator\tema lab 6-7\lab6-7\lab6-7\x64\debug\vc.nativecodeanalysis.all.xml
c:\users\daria\onedrive\desktop\faculta\sem 2\programare orientata obiect\laborator\tema lab 6-7\lab6-7\lab6-7\x64\debug\lab6-7.tlog\cl.command.1.tlog
c:\users\daria\onedrive\desktop\faculta\sem 2\programare orientata obiect\laborator\tema lab 6-7\lab6-7\lab6-7\x64\debug\lab6-7.tlog\cl.read.1.tlog
c:\users\daria\onedrive\desktop\faculta\sem 2\programare orientata obiect\laborator\tema lab 6-7\lab6-7\lab6-7\x64\debug\lab6-7.tlog\cl.write.1.tlog
c:\users\daria\onedrive\desktop\faculta\sem 2\programare orientata obiect\laborator\tema lab 6-7\lab6-7\lab6-7\x64\debug\lab6-7.tlog\link.command.1.tlog
c:\users\daria\onedrive\desktop\faculta\sem 2\programare orientata obiect\laborator\tema lab 6-7\lab6-7\lab6-7\x64\debug\lab6-7.tlog\link.read.1.tlog
c:\users\daria\onedrive\desktop\faculta\sem 2\programare orientata obiect\laborator\tema lab 6-7\lab6-7\lab6-7\x64\debug\lab6-7.tlog\link.write.1.tlog
